CRITICAL - 2023-09-24 07:34:01 --> syntax error, unexpected end of file
in APPPATH\Views\music.php on line 196.
 1 SYSTEMPATH\View\View.php(229): CodeIgniter\View\View->CodeIgniter\View\{closure}()
 2 SYSTEMPATH\Common.php(1188): CodeIgniter\View\View->render('music', [], true)
 3 APPPATH\Controllers\MusicController.php(15): view('music', [...])
 4 SYSTEMPATH\CodeIgniter.php(919): App\Controllers\MusicController->index()
 5 SYSTEMPATH\CodeIgniter.php(494): CodeIgniter\CodeIgniter->runController(Object(App\Controllers\MusicController))
 6 SYSTEMPATH\CodeIgniter.php(353): CodeIgniter\CodeIgniter->handleRequest(null, Object(Config\Cache), false)
 7 FCPATH\index.php(79): CodeIgniter\CodeIgniter->run()
 8 SYSTEMPATH\Commands\Server\rewrite.php(47): require_once('C:\\Users\\casti\\Desktop\\musiko\\public\\index.php')
CRITICAL - 2023-09-24 07:34:30 --> syntax error, unexpected end of file
in APPPATH\Views\music.php on line 195.
 1 SYSTEMPATH\View\View.php(229): CodeIgniter\View\View->CodeIgniter\View\{closure}()
 2 SYSTEMPATH\Common.php(1188): CodeIgniter\View\View->render('music', [], true)
 3 APPPATH\Controllers\MusicController.php(15): view('music', [...])
 4 SYSTEMPATH\CodeIgniter.php(919): App\Controllers\MusicController->index()
 5 SYSTEMPATH\CodeIgniter.php(494): CodeIgniter\CodeIgniter->runController(Object(App\Controllers\MusicController))
 6 SYSTEMPATH\CodeIgniter.php(353): CodeIgniter\CodeIgniter->handleRequest(null, Object(Config\Cache), false)
 7 FCPATH\index.php(79): CodeIgniter\CodeIgniter->run()
 8 SYSTEMPATH\Commands\Server\rewrite.php(47): require_once('C:\\Users\\casti\\Desktop\\musiko\\public\\index.php')
CRITICAL - 2023-09-24 07:35:03 --> syntax error, unexpected end of file
in APPPATH\Views\music.php on line 195.
 1 SYSTEMPATH\View\View.php(229): CodeIgniter\View\View->CodeIgniter\View\{closure}()
 2 SYSTEMPATH\Common.php(1188): CodeIgniter\View\View->render('music', [], true)
 3 APPPATH\Controllers\MusicController.php(15): view('music', [...])
 4 SYSTEMPATH\CodeIgniter.php(919): App\Controllers\MusicController->index()
 5 SYSTEMPATH\CodeIgniter.php(494): CodeIgniter\CodeIgniter->runController(Object(App\Controllers\MusicController))
 6 SYSTEMPATH\CodeIgniter.php(353): CodeIgniter\CodeIgniter->handleRequest(null, Object(Config\Cache), false)
 7 FCPATH\index.php(79): CodeIgniter\CodeIgniter->run()
 8 SYSTEMPATH\Commands\Server\rewrite.php(47): require_once('C:\\Users\\casti\\Desktop\\musiko\\public\\index.php')
CRITICAL - 2023-09-24 07:36:40 --> syntax error, unexpected end of file
in APPPATH\Views\music.php on line 194.
 1 SYSTEMPATH\View\View.php(229): CodeIgniter\View\View->CodeIgniter\View\{closure}()
 2 SYSTEMPATH\Common.php(1188): CodeIgniter\View\View->render('music', [], true)
 3 APPPATH\Controllers\MusicController.php(15): view('music', [...])
 4 SYSTEMPATH\CodeIgniter.php(919): App\Controllers\MusicController->index()
 5 SYSTEMPATH\CodeIgniter.php(494): CodeIgniter\CodeIgniter->runController(Object(App\Controllers\MusicController))
 6 SYSTEMPATH\CodeIgniter.php(353): CodeIgniter\CodeIgniter->handleRequest(null, Object(Config\Cache), false)
 7 FCPATH\index.php(79): CodeIgniter\CodeIgniter->run()
 8 SYSTEMPATH\Commands\Server\rewrite.php(47): require_once('C:\\Users\\casti\\Desktop\\musiko\\public\\index.php')
CRITICAL - 2023-09-24 07:36:49 --> syntax error, unexpected end of file
in APPPATH\Views\music.php on line 195.
 1 SYSTEMPATH\View\View.php(229): CodeIgniter\View\View->CodeIgniter\View\{closure}()
 2 SYSTEMPATH\Common.php(1188): CodeIgniter\View\View->render('music', [], true)
 3 APPPATH\Controllers\MusicController.php(15): view('music', [...])
 4 SYSTEMPATH\CodeIgniter.php(919): App\Controllers\MusicController->index()
 5 SYSTEMPATH\CodeIgniter.php(494): CodeIgniter\CodeIgniter->runController(Object(App\Controllers\MusicController))
 6 SYSTEMPATH\CodeIgniter.php(353): CodeIgniter\CodeIgniter->handleRequest(null, Object(Config\Cache), false)
 7 FCPATH\index.php(79): CodeIgniter\CodeIgniter->run()
 8 SYSTEMPATH\Commands\Server\rewrite.php(47): require_once('C:\\Users\\casti\\Desktop\\musiko\\public\\index.php')
CRITICAL - 2023-09-24 07:40:04 --> syntax error, unexpected end of file
in APPPATH\Views\music.php on line 195.
 1 SYSTEMPATH\View\View.php(229): CodeIgniter\View\View->CodeIgniter\View\{closure}()
 2 SYSTEMPATH\Common.php(1188): CodeIgniter\View\View->render('music', [], true)
 3 APPPATH\Controllers\MusicController.php(15): view('music', [...])
 4 SYSTEMPATH\CodeIgniter.php(919): App\Controllers\MusicController->index()
 5 SYSTEMPATH\CodeIgniter.php(494): CodeIgniter\CodeIgniter->runController(Object(App\Controllers\MusicController))
 6 SYSTEMPATH\CodeIgniter.php(353): CodeIgniter\CodeIgniter->handleRequest(null, Object(Config\Cache), false)
 7 FCPATH\index.php(79): CodeIgniter\CodeIgniter->run()
 8 SYSTEMPATH\Commands\Server\rewrite.php(47): require_once('C:\\Users\\casti\\Desktop\\musiko\\public\\index.php')
CRITICAL - 2023-09-24 07:40:06 --> syntax error, unexpected end of file
in APPPATH\Views\music.php on line 195.
 1 SYSTEMPATH\View\View.php(229): CodeIgniter\View\View->CodeIgniter\View\{closure}()
 2 SYSTEMPATH\Common.php(1188): CodeIgniter\View\View->render('music', [], true)
 3 APPPATH\Controllers\MusicController.php(15): view('music', [...])
 4 SYSTEMPATH\CodeIgniter.php(919): App\Controllers\MusicController->index()
 5 SYSTEMPATH\CodeIgniter.php(494): CodeIgniter\CodeIgniter->runController(Object(App\Controllers\MusicController))
 6 SYSTEMPATH\CodeIgniter.php(353): CodeIgniter\CodeIgniter->handleRequest(null, Object(Config\Cache), false)
 7 FCPATH\index.php(79): CodeIgniter\CodeIgniter->run()
 8 SYSTEMPATH\Commands\Server\rewrite.php(47): require_once('C:\\Users\\casti\\Desktop\\musiko\\public\\index.php')
CRITICAL - 2023-09-24 07:40:07 --> syntax error, unexpected end of file
in APPPATH\Views\music.php on line 195.
 1 SYSTEMPATH\View\View.php(229): CodeIgniter\View\View->CodeIgniter\View\{closure}()
 2 SYSTEMPATH\Common.php(1188): CodeIgniter\View\View->render('music', [], true)
 3 APPPATH\Controllers\MusicController.php(15): view('music', [...])
 4 SYSTEMPATH\CodeIgniter.php(919): App\Controllers\MusicController->index()
 5 SYSTEMPATH\CodeIgniter.php(494): CodeIgniter\CodeIgniter->runController(Object(App\Controllers\MusicController))
 6 SYSTEMPATH\CodeIgniter.php(353): CodeIgniter\CodeIgniter->handleRequest(null, Object(Config\Cache), false)
 7 FCPATH\index.php(79): CodeIgniter\CodeIgniter->run()
 8 SYSTEMPATH\Commands\Server\rewrite.php(47): require_once('C:\\Users\\casti\\Desktop\\musiko\\public\\index.php')
CRITICAL - 2023-09-24 07:40:07 --> syntax error, unexpected end of file
in APPPATH\Views\music.php on line 195.
 1 SYSTEMPATH\View\View.php(229): CodeIgniter\View\View->CodeIgniter\View\{closure}()
 2 SYSTEMPATH\Common.php(1188): CodeIgniter\View\View->render('music', [], true)
 3 APPPATH\Controllers\MusicController.php(15): view('music', [...])
 4 SYSTEMPATH\CodeIgniter.php(919): App\Controllers\MusicController->index()
 5 SYSTEMPATH\CodeIgniter.php(494): CodeIgniter\CodeIgniter->runController(Object(App\Controllers\MusicController))
 6 SYSTEMPATH\CodeIgniter.php(353): CodeIgniter\CodeIgniter->handleRequest(null, Object(Config\Cache), false)
 7 FCPATH\index.php(79): CodeIgniter\CodeIgniter->run()
 8 SYSTEMPATH\Commands\Server\rewrite.php(47): require_once('C:\\Users\\casti\\Desktop\\musiko\\public\\index.php')
CRITICAL - 2023-09-24 08:04:54 --> Undefined array key "m_name"
in APPPATH\Views\music.php on line 95.
 1 APPPATH\Views\music.php(95): CodeIgniter\Debug\Exceptions->errorHandler(2, 'Undefined array key "m_name"', 'C:\\Users\\casti\\Desktop\\musiko\\app\\Views\\music.php', 95)
 2 SYSTEMPATH\View\View.php(226): include('C:\\Users\\casti\\Desktop\\musiko\\app\\Views\\music.php')
 3 SYSTEMPATH\View\View.php(229): CodeIgniter\View\View->CodeIgniter\View\{closure}()
 4 SYSTEMPATH\Common.php(1188): CodeIgniter\View\View->render('music', [], true)
 5 APPPATH\Controllers\MusicController.php(15): view('music', [...])
 6 SYSTEMPATH\CodeIgniter.php(919): App\Controllers\MusicController->index()
 7 SYSTEMPATH\CodeIgniter.php(494): CodeIgniter\CodeIgniter->runController(Object(App\Controllers\MusicController))
 8 SYSTEMPATH\CodeIgniter.php(353): CodeIgniter\CodeIgniter->handleRequest(null, Object(Config\Cache), false)
 9 FCPATH\index.php(79): CodeIgniter\CodeIgniter->run()
10 SYSTEMPATH\Commands\Server\rewrite.php(47): require_once('C:\\Users\\casti\\Desktop\\musiko\\public\\index.php')
CRITICAL - 2023-09-24 08:05:11 --> Undefined array key "musiccs"
in APPPATH\Views\music.php on line 95.
 1 APPPATH\Views\music.php(95): CodeIgniter\Debug\Exceptions->errorHandler(2, 'Undefined array key "musiccs"', 'C:\\Users\\casti\\Desktop\\musiko\\app\\Views\\music.php', 95)
 2 SYSTEMPATH\View\View.php(226): include('C:\\Users\\casti\\Desktop\\musiko\\app\\Views\\music.php')
 3 SYSTEMPATH\View\View.php(229): CodeIgniter\View\View->CodeIgniter\View\{closure}()
 4 SYSTEMPATH\Common.php(1188): CodeIgniter\View\View->render('music', [], true)
 5 APPPATH\Controllers\MusicController.php(15): view('music', [...])
 6 SYSTEMPATH\CodeIgniter.php(919): App\Controllers\MusicController->index()
 7 SYSTEMPATH\CodeIgniter.php(494): CodeIgniter\CodeIgniter->runController(Object(App\Controllers\MusicController))
 8 SYSTEMPATH\CodeIgniter.php(353): CodeIgniter\CodeIgniter->handleRequest(null, Object(Config\Cache), false)
 9 FCPATH\index.php(79): CodeIgniter\CodeIgniter->run()
10 SYSTEMPATH\Commands\Server\rewrite.php(47): require_once('C:\\Users\\casti\\Desktop\\musiko\\public\\index.php')
CRITICAL - 2023-09-24 08:07:39 --> Undefined array key "musiccs"
in APPPATH\Views\music.php on line 95.
 1 APPPATH\Views\music.php(95): CodeIgniter\Debug\Exceptions->errorHandler(2, 'Undefined array key "musiccs"', 'C:\\Users\\casti\\Desktop\\musiko\\app\\Views\\music.php', 95)
 2 SYSTEMPATH\View\View.php(226): include('C:\\Users\\casti\\Desktop\\musiko\\app\\Views\\music.php')
 3 SYSTEMPATH\View\View.php(229): CodeIgniter\View\View->CodeIgniter\View\{closure}()
 4 SYSTEMPATH\Common.php(1188): CodeIgniter\View\View->render('music', [], true)
 5 APPPATH\Controllers\MusicController.php(15): view('music', [...])
 6 SYSTEMPATH\CodeIgniter.php(919): App\Controllers\MusicController->index()
 7 SYSTEMPATH\CodeIgniter.php(494): CodeIgniter\CodeIgniter->runController(Object(App\Controllers\MusicController))
 8 SYSTEMPATH\CodeIgniter.php(353): CodeIgniter\CodeIgniter->handleRequest(null, Object(Config\Cache), false)
 9 FCPATH\index.php(79): CodeIgniter\CodeIgniter->run()
10 SYSTEMPATH\Commands\Server\rewrite.php(47): require_once('C:\\Users\\casti\\Desktop\\musiko\\public\\index.php')
CRITICAL - 2023-09-24 08:32:12 --> Undefined array key "musicName"
in APPPATH\Views\music.php on line 95.
 1 APPPATH\Views\music.php(95): CodeIgniter\Debug\Exceptions->errorHandler(2, 'Undefined array key "musicName"', 'C:\\Users\\casti\\Desktop\\musiko\\app\\Views\\music.php', 95)
 2 SYSTEMPATH\View\View.php(226): include('C:\\Users\\casti\\Desktop\\musiko\\app\\Views\\music.php')
 3 SYSTEMPATH\View\View.php(229): CodeIgniter\View\View->CodeIgniter\View\{closure}()
 4 SYSTEMPATH\Common.php(1188): CodeIgniter\View\View->render('music', [], true)
 5 APPPATH\Controllers\MusicController.php(15): view('music', [...])
 6 SYSTEMPATH\CodeIgniter.php(919): App\Controllers\MusicController->index()
 7 SYSTEMPATH\CodeIgniter.php(494): CodeIgniter\CodeIgniter->runController(Object(App\Controllers\MusicController))
 8 SYSTEMPATH\CodeIgniter.php(353): CodeIgniter\CodeIgniter->handleRequest(null, Object(Config\Cache), false)
 9 FCPATH\index.php(79): CodeIgniter\CodeIgniter->run()
10 SYSTEMPATH\Commands\Server\rewrite.php(47): require_once('C:\\Users\\casti\\Desktop\\musiko\\public\\index.php')
CRITICAL - 2023-09-24 08:56:38 --> Undefined array key "m_name"
in APPPATH\Views\music.php on line 95.
 1 APPPATH\Views\music.php(95): CodeIgniter\Debug\Exceptions->errorHandler(2, 'Undefined array key "m_name"', 'C:\\Users\\casti\\Desktop\\musiko\\app\\Views\\music.php', 95)
 2 SYSTEMPATH\View\View.php(226): include('C:\\Users\\casti\\Desktop\\musiko\\app\\Views\\music.php')
 3 SYSTEMPATH\View\View.php(229): CodeIgniter\View\View->CodeIgniter\View\{closure}()
 4 SYSTEMPATH\Common.php(1188): CodeIgniter\View\View->render('music', [], true)
 5 APPPATH\Controllers\MusicController.php(15): view('music', [...])
 6 SYSTEMPATH\CodeIgniter.php(919): App\Controllers\MusicController->index()
 7 SYSTEMPATH\CodeIgniter.php(494): CodeIgniter\CodeIgniter->runController(Object(App\Controllers\MusicController))
 8 SYSTEMPATH\CodeIgniter.php(353): CodeIgniter\CodeIgniter->handleRequest(null, Object(Config\Cache), false)
 9 FCPATH\index.php(79): CodeIgniter\CodeIgniter->run()
10 SYSTEMPATH\Commands\Server\rewrite.php(47): require_once('C:\\Users\\casti\\Desktop\\musiko\\public\\index.php')
CRITICAL - 2023-09-24 09:04:25 --> Class "App\Model\MusicModel" not found
in APPPATH\Controllers\MusicController.php on line 12.
 1 SYSTEMPATH\CodeIgniter.php(919): App\Controllers\MusicController->index()
 2 SYSTEMPATH\CodeIgniter.php(494): CodeIgniter\CodeIgniter->runController(Object(App\Controllers\MusicController))
 3 SYSTEMPATH\CodeIgniter.php(353): CodeIgniter\CodeIgniter->handleRequest(null, Object(Config\Cache), false)
 4 FCPATH\index.php(79): CodeIgniter\CodeIgniter->run()
 5 SYSTEMPATH\Commands\Server\rewrite.php(47): require_once('C:\\Users\\casti\\Desktop\\musiko\\public\\index.php')
CRITICAL - 2023-09-24 09:07:10 --> Invalid file: "musiccs.php"
in SYSTEMPATH\Exceptions\FrameworkException.php on line 39.
 1 SYSTEMPATH\View\View.php(214): CodeIgniter\Exceptions\FrameworkException::forInvalidFile('musiccs.php')
 2 SYSTEMPATH\Common.php(1188): CodeIgniter\View\View->render('musiccs', [], true)
 3 APPPATH\Controllers\MusicController.php(15): view('musiccs', [...])
 4 SYSTEMPATH\CodeIgniter.php(919): App\Controllers\MusicController->index()
 5 SYSTEMPATH\CodeIgniter.php(494): CodeIgniter\CodeIgniter->runController(Object(App\Controllers\MusicController))
 6 SYSTEMPATH\CodeIgniter.php(353): CodeIgniter\CodeIgniter->handleRequest(null, Object(Config\Cache), false)
 7 FCPATH\index.php(79): CodeIgniter\CodeIgniter->run()
 8 SYSTEMPATH\Commands\Server\rewrite.php(47): require_once('C:\\Users\\casti\\Desktop\\musiko\\public\\index.php')
CRITICAL - 2023-09-24 09:12:08 --> Undefined array key "playlist"
in APPPATH\Views\music.php on line 95.
 1 APPPATH\Views\music.php(95): CodeIgniter\Debug\Exceptions->errorHandler(2, 'Undefined array key "playlist"', 'C:\\Users\\casti\\Desktop\\musiko\\app\\Views\\music.php', 95)
 2 SYSTEMPATH\View\View.php(226): include('C:\\Users\\casti\\Desktop\\musiko\\app\\Views\\music.php')
 3 SYSTEMPATH\View\View.php(229): CodeIgniter\View\View->CodeIgniter\View\{closure}()
 4 SYSTEMPATH\Common.php(1188): CodeIgniter\View\View->render('music', [], true)
 5 APPPATH\Controllers\MusicController.php(15): view('music', [...])
 6 SYSTEMPATH\CodeIgniter.php(919): App\Controllers\MusicController->index()
 7 SYSTEMPATH\CodeIgniter.php(494): CodeIgniter\CodeIgniter->runController(Object(App\Controllers\MusicController))
 8 SYSTEMPATH\CodeIgniter.php(353): CodeIgniter\CodeIgniter->handleRequest(null, Object(Config\Cache), false)
 9 FCPATH\index.php(79): CodeIgniter\CodeIgniter->run()
10 SYSTEMPATH\Commands\Server\rewrite.php(47): require_once('C:\\Users\\casti\\Desktop\\musiko\\public\\index.php')
CRITICAL - 2023-09-24 11:21:03 --> Undefined variable $mus
in APPPATH\Views\music.php on line 95.
 1 APPPATH\Views\music.php(95): CodeIgniter\Debug\Exceptions->errorHandler(2, 'Undefined variable $mus', 'C:\\Users\\casti\\Desktop\\musiko\\app\\Views\\music.php', 95)
 2 SYSTEMPATH\View\View.php(226): include('C:\\Users\\casti\\Desktop\\musiko\\app\\Views\\music.php')
 3 SYSTEMPATH\View\View.php(229): CodeIgniter\View\View->CodeIgniter\View\{closure}()
 4 SYSTEMPATH\Common.php(1188): CodeIgniter\View\View->render('music', [], true)
 5 APPPATH\Controllers\MusicController.php(21): view('music', [...])
 6 SYSTEMPATH\CodeIgniter.php(919): App\Controllers\MusicController->index()
 7 SYSTEMPATH\CodeIgniter.php(494): CodeIgniter\CodeIgniter->runController(Object(App\Controllers\MusicController))
 8 SYSTEMPATH\CodeIgniter.php(353): CodeIgniter\CodeIgniter->handleRequest(null, Object(Config\Cache), false)
 9 FCPATH\index.php(79): CodeIgniter\CodeIgniter->run()
10 SYSTEMPATH\Commands\Server\rewrite.php(47): require_once('C:\\Users\\casti\\Desktop\\musiko\\public\\index.php')
CRITICAL - 2023-09-24 12:50:44 --> Undefined variable $data
in APPPATH\Controllers\MusicController.php on line 30.
 1 APPPATH\Controllers\MusicController.php(30): CodeIgniter\Debug\Exceptions->errorHandler(2, 'Undefined variable $data', 'C:\\Users\\casti\\Desktop\\musiko\\app\\Controllers\\MusicController.php', 30)
 2 SYSTEMPATH\CodeIgniter.php(919): App\Controllers\MusicController->searchsong()
 3 SYSTEMPATH\CodeIgniter.php(494): CodeIgniter\CodeIgniter->runController(Object(App\Controllers\MusicController))
 4 SYSTEMPATH\CodeIgniter.php(353): CodeIgniter\CodeIgniter->handleRequest(null, Object(Config\Cache), false)
 5 FCPATH\index.php(79): CodeIgniter\CodeIgniter->run()
 6 SYSTEMPATH\Commands\Server\rewrite.php(47): require_once('C:\\Users\\casti\\Desktop\\musiko\\public\\index.php')
CRITICAL - 2023-09-24 12:52:29 --> Undefined variable $data
in APPPATH\Controllers\MusicController.php on line 30.
 1 APPPATH\Controllers\MusicController.php(30): CodeIgniter\Debug\Exceptions->errorHandler(2, 'Undefined variable $data', 'C:\\Users\\casti\\Desktop\\musiko\\app\\Controllers\\MusicController.php', 30)
 2 SYSTEMPATH\CodeIgniter.php(919): App\Controllers\MusicController->searchsong()
 3 SYSTEMPATH\CodeIgniter.php(494): CodeIgniter\CodeIgniter->runController(Object(App\Controllers\MusicController))
 4 SYSTEMPATH\CodeIgniter.php(353): CodeIgniter\CodeIgniter->handleRequest(null, Object(Config\Cache), false)
 5 FCPATH\index.php(79): CodeIgniter\CodeIgniter->run()
 6 SYSTEMPATH\Commands\Server\rewrite.php(47): require_once('C:\\Users\\casti\\Desktop\\musiko\\public\\index.php')
CRITICAL - 2023-09-24 12:54:17 --> Undefined variable $plays
in APPPATH\Views\music.php on line 133.
 1 APPPATH\Views\music.php(133): CodeIgniter\Debug\Exceptions->errorHandler(2, 'Undefined variable $plays', 'C:\\Users\\casti\\Desktop\\musiko\\app\\Views\\music.php', 133)
 2 SYSTEMPATH\View\View.php(226): include('C:\\Users\\casti\\Desktop\\musiko\\app\\Views\\music.php')
 3 SYSTEMPATH\View\View.php(229): CodeIgniter\View\View->CodeIgniter\View\{closure}()
 4 SYSTEMPATH\Common.php(1188): CodeIgniter\View\View->render('music', [], true)
 5 APPPATH\Controllers\MusicController.php(30): view('music', [...])
 6 SYSTEMPATH\CodeIgniter.php(919): App\Controllers\MusicController->searchsong()
 7 SYSTEMPATH\CodeIgniter.php(494): CodeIgniter\CodeIgniter->runController(Object(App\Controllers\MusicController))
 8 SYSTEMPATH\CodeIgniter.php(353): CodeIgniter\CodeIgniter->handleRequest(null, Object(Config\Cache), false)
 9 FCPATH\index.php(79): CodeIgniter\CodeIgniter->run()
10 SYSTEMPATH\Commands\Server\rewrite.php(47): require_once('C:\\Users\\casti\\Desktop\\musiko\\public\\index.php')
CRITICAL - 2023-09-24 12:54:52 --> Undefined variable $plays
in APPPATH\Views\music.php on line 133.
 1 APPPATH\Views\music.php(133): CodeIgniter\Debug\Exceptions->errorHandler(2, 'Undefined variable $plays', 'C:\\Users\\casti\\Desktop\\musiko\\app\\Views\\music.php', 133)
 2 SYSTEMPATH\View\View.php(226): include('C:\\Users\\casti\\Desktop\\musiko\\app\\Views\\music.php')
 3 SYSTEMPATH\View\View.php(229): CodeIgniter\View\View->CodeIgniter\View\{closure}()
 4 SYSTEMPATH\Common.php(1188): CodeIgniter\View\View->render('music', [], true)
 5 APPPATH\Controllers\MusicController.php(30): view('music', [...])
 6 SYSTEMPATH\CodeIgniter.php(919): App\Controllers\MusicController->searchsong()
 7 SYSTEMPATH\CodeIgniter.php(494): CodeIgniter\CodeIgniter->runController(Object(App\Controllers\MusicController))
 8 SYSTEMPATH\CodeIgniter.php(353): CodeIgniter\CodeIgniter->handleRequest(null, Object(Config\Cache), false)
 9 FCPATH\index.php(79): CodeIgniter\CodeIgniter->run()
10 SYSTEMPATH\Commands\Server\rewrite.php(47): require_once('C:\\Users\\casti\\Desktop\\musiko\\public\\index.php')
CRITICAL - 2023-09-24 12:56:52 --> Undefined variable $plays
in APPPATH\Views\music.php on line 133.
 1 APPPATH\Views\music.php(133): CodeIgniter\Debug\Exceptions->errorHandler(2, 'Undefined variable $plays', 'C:\\Users\\casti\\Desktop\\musiko\\app\\Views\\music.php', 133)
 2 SYSTEMPATH\View\View.php(226): include('C:\\Users\\casti\\Desktop\\musiko\\app\\Views\\music.php')
 3 SYSTEMPATH\View\View.php(229): CodeIgniter\View\View->CodeIgniter\View\{closure}()
 4 SYSTEMPATH\Common.php(1188): CodeIgniter\View\View->render('music', [], true)
 5 APPPATH\Controllers\MusicController.php(22): view('music', [...])
 6 SYSTEMPATH\CodeIgniter.php(919): App\Controllers\MusicController->index()
 7 SYSTEMPATH\CodeIgniter.php(494): CodeIgniter\CodeIgniter->runController(Object(App\Controllers\MusicController))
 8 SYSTEMPATH\CodeIgniter.php(353): CodeIgniter\CodeIgniter->handleRequest(null, Object(Config\Cache), false)
 9 FCPATH\index.php(79): CodeIgniter\CodeIgniter->run()
10 SYSTEMPATH\Commands\Server\rewrite.php(47): require_once('C:\\Users\\casti\\Desktop\\musiko\\public\\index.php')
CRITICAL - 2023-09-24 12:56:55 --> Undefined variable $plays
in APPPATH\Views\music.php on line 133.
 1 APPPATH\Views\music.php(133): CodeIgniter\Debug\Exceptions->errorHandler(2, 'Undefined variable $plays', 'C:\\Users\\casti\\Desktop\\musiko\\app\\Views\\music.php', 133)
 2 SYSTEMPATH\View\View.php(226): include('C:\\Users\\casti\\Desktop\\musiko\\app\\Views\\music.php')
 3 SYSTEMPATH\View\View.php(229): CodeIgniter\View\View->CodeIgniter\View\{closure}()
 4 SYSTEMPATH\Common.php(1188): CodeIgniter\View\View->render('music', [], true)
 5 APPPATH\Controllers\MusicController.php(22): view('music', [...])
 6 SYSTEMPATH\CodeIgniter.php(919): App\Controllers\MusicController->index()
 7 SYSTEMPATH\CodeIgniter.php(494): CodeIgniter\CodeIgniter->runController(Object(App\Controllers\MusicController))
 8 SYSTEMPATH\CodeIgniter.php(353): CodeIgniter\CodeIgniter->handleRequest(null, Object(Config\Cache), false)
 9 FCPATH\index.php(79): CodeIgniter\CodeIgniter->run()
10 SYSTEMPATH\Commands\Server\rewrite.php(47): require_once('C:\\Users\\casti\\Desktop\\musiko\\public\\index.php')
CRITICAL - 2023-09-24 12:57:17 --> Undefined variable $plays
in APPPATH\Views\music.php on line 133.
 1 APPPATH\Views\music.php(133): CodeIgniter\Debug\Exceptions->errorHandler(2, 'Undefined variable $plays', 'C:\\Users\\casti\\Desktop\\musiko\\app\\Views\\music.php', 133)
 2 SYSTEMPATH\View\View.php(226): include('C:\\Users\\casti\\Desktop\\musiko\\app\\Views\\music.php')
 3 SYSTEMPATH\View\View.php(229): CodeIgniter\View\View->CodeIgniter\View\{closure}()
 4 SYSTEMPATH\Common.php(1188): CodeIgniter\View\View->render('music', [], true)
 5 APPPATH\Controllers\MusicController.php(22): view('music', [...])
 6 SYSTEMPATH\CodeIgniter.php(919): App\Controllers\MusicController->index()
 7 SYSTEMPATH\CodeIgniter.php(494): CodeIgniter\CodeIgniter->runController(Object(App\Controllers\MusicController))
 8 SYSTEMPATH\CodeIgniter.php(353): CodeIgniter\CodeIgniter->handleRequest(null, Object(Config\Cache), false)
 9 FCPATH\index.php(79): CodeIgniter\CodeIgniter->run()
10 SYSTEMPATH\Commands\Server\rewrite.php(47): require_once('C:\\Users\\casti\\Desktop\\musiko\\public\\index.php')
CRITICAL - 2023-09-24 12:57:29 --> Undefined variable $plays
in APPPATH\Views\music.php on line 133.
 1 APPPATH\Views\music.php(133): CodeIgniter\Debug\Exceptions->errorHandler(2, 'Undefined variable $plays', 'C:\\Users\\casti\\Desktop\\musiko\\app\\Views\\music.php', 133)
 2 SYSTEMPATH\View\View.php(226): include('C:\\Users\\casti\\Desktop\\musiko\\app\\Views\\music.php')
 3 SYSTEMPATH\View\View.php(229): CodeIgniter\View\View->CodeIgniter\View\{closure}()
 4 SYSTEMPATH\Common.php(1188): CodeIgniter\View\View->render('music', [], true)
 5 APPPATH\Controllers\MusicController.php(15): view('music', [...])
 6 SYSTEMPATH\CodeIgniter.php(919): App\Controllers\MusicController->index()
 7 SYSTEMPATH\CodeIgniter.php(494): CodeIgniter\CodeIgniter->runController(Object(App\Controllers\MusicController))
 8 SYSTEMPATH\CodeIgniter.php(353): CodeIgniter\CodeIgniter->handleRequest(null, Object(Config\Cache), false)
 9 FCPATH\index.php(79): CodeIgniter\CodeIgniter->run()
10 SYSTEMPATH\Commands\Server\rewrite.php(47): require_once('C:\\Users\\casti\\Desktop\\musiko\\public\\index.php')
CRITICAL - 2023-09-24 12:57:30 --> Undefined variable $plays
in APPPATH\Views\music.php on line 133.
 1 APPPATH\Views\music.php(133): CodeIgniter\Debug\Exceptions->errorHandler(2, 'Undefined variable $plays', 'C:\\Users\\casti\\Desktop\\musiko\\app\\Views\\music.php', 133)
 2 SYSTEMPATH\View\View.php(226): include('C:\\Users\\casti\\Desktop\\musiko\\app\\Views\\music.php')
 3 SYSTEMPATH\View\View.php(229): CodeIgniter\View\View->CodeIgniter\View\{closure}()
 4 SYSTEMPATH\Common.php(1188): CodeIgniter\View\View->render('music', [], true)
 5 APPPATH\Controllers\MusicController.php(15): view('music', [...])
 6 SYSTEMPATH\CodeIgniter.php(919): App\Controllers\MusicController->index()
 7 SYSTEMPATH\CodeIgniter.php(494): CodeIgniter\CodeIgniter->runController(Object(App\Controllers\MusicController))
 8 SYSTEMPATH\CodeIgniter.php(353): CodeIgniter\CodeIgniter->handleRequest(null, Object(Config\Cache), false)
 9 FCPATH\index.php(79): CodeIgniter\CodeIgniter->run()
10 SYSTEMPATH\Commands\Server\rewrite.php(47): require_once('C:\\Users\\casti\\Desktop\\musiko\\public\\index.php')
CRITICAL - 2023-09-24 12:57:30 --> Undefined variable $plays
in APPPATH\Views\music.php on line 133.
 1 APPPATH\Views\music.php(133): CodeIgniter\Debug\Exceptions->errorHandler(2, 'Undefined variable $plays', 'C:\\Users\\casti\\Desktop\\musiko\\app\\Views\\music.php', 133)
 2 SYSTEMPATH\View\View.php(226): include('C:\\Users\\casti\\Desktop\\musiko\\app\\Views\\music.php')
 3 SYSTEMPATH\View\View.php(229): CodeIgniter\View\View->CodeIgniter\View\{closure}()
 4 SYSTEMPATH\Common.php(1188): CodeIgniter\View\View->render('music', [], true)
 5 APPPATH\Controllers\MusicController.php(15): view('music', [...])
 6 SYSTEMPATH\CodeIgniter.php(919): App\Controllers\MusicController->index()
 7 SYSTEMPATH\CodeIgniter.php(494): CodeIgniter\CodeIgniter->runController(Object(App\Controllers\MusicController))
 8 SYSTEMPATH\CodeIgniter.php(353): CodeIgniter\CodeIgniter->handleRequest(null, Object(Config\Cache), false)
 9 FCPATH\index.php(79): CodeIgniter\CodeIgniter->run()
10 SYSTEMPATH\Commands\Server\rewrite.php(47): require_once('C:\\Users\\casti\\Desktop\\musiko\\public\\index.php')
CRITICAL - 2023-09-24 12:57:31 --> Undefined variable $plays
in APPPATH\Views\music.php on line 133.
 1 APPPATH\Views\music.php(133): CodeIgniter\Debug\Exceptions->errorHandler(2, 'Undefined variable $plays', 'C:\\Users\\casti\\Desktop\\musiko\\app\\Views\\music.php', 133)
 2 SYSTEMPATH\View\View.php(226): include('C:\\Users\\casti\\Desktop\\musiko\\app\\Views\\music.php')
 3 SYSTEMPATH\View\View.php(229): CodeIgniter\View\View->CodeIgniter\View\{closure}()
 4 SYSTEMPATH\Common.php(1188): CodeIgniter\View\View->render('music', [], true)
 5 APPPATH\Controllers\MusicController.php(15): view('music', [...])
 6 SYSTEMPATH\CodeIgniter.php(919): App\Controllers\MusicController->index()
 7 SYSTEMPATH\CodeIgniter.php(494): CodeIgniter\CodeIgniter->runController(Object(App\Controllers\MusicController))
 8 SYSTEMPATH\CodeIgniter.php(353): CodeIgniter\CodeIgniter->handleRequest(null, Object(Config\Cache), false)
 9 FCPATH\index.php(79): CodeIgniter\CodeIgniter->run()
10 SYSTEMPATH\Commands\Server\rewrite.php(47): require_once('C:\\Users\\casti\\Desktop\\musiko\\public\\index.php')
CRITICAL - 2023-09-24 12:57:31 --> Undefined variable $plays
in APPPATH\Views\music.php on line 133.
 1 APPPATH\Views\music.php(133): CodeIgniter\Debug\Exceptions->errorHandler(2, 'Undefined variable $plays', 'C:\\Users\\casti\\Desktop\\musiko\\app\\Views\\music.php', 133)
 2 SYSTEMPATH\View\View.php(226): include('C:\\Users\\casti\\Desktop\\musiko\\app\\Views\\music.php')
 3 SYSTEMPATH\View\View.php(229): CodeIgniter\View\View->CodeIgniter\View\{closure}()
 4 SYSTEMPATH\Common.php(1188): CodeIgniter\View\View->render('music', [], true)
 5 APPPATH\Controllers\MusicController.php(15): view('music', [...])
 6 SYSTEMPATH\CodeIgniter.php(919): App\Controllers\MusicController->index()
 7 SYSTEMPATH\CodeIgniter.php(494): CodeIgniter\CodeIgniter->runController(Object(App\Controllers\MusicController))
 8 SYSTEMPATH\CodeIgniter.php(353): CodeIgniter\CodeIgniter->handleRequest(null, Object(Config\Cache), false)
 9 FCPATH\index.php(79): CodeIgniter\CodeIgniter->run()
10 SYSTEMPATH\Commands\Server\rewrite.php(47): require_once('C:\\Users\\casti\\Desktop\\musiko\\public\\index.php')
CRITICAL - 2023-09-24 12:57:31 --> Undefined variable $plays
in APPPATH\Views\music.php on line 133.
 1 APPPATH\Views\music.php(133): CodeIgniter\Debug\Exceptions->errorHandler(2, 'Undefined variable $plays', 'C:\\Users\\casti\\Desktop\\musiko\\app\\Views\\music.php', 133)
 2 SYSTEMPATH\View\View.php(226): include('C:\\Users\\casti\\Desktop\\musiko\\app\\Views\\music.php')
 3 SYSTEMPATH\View\View.php(229): CodeIgniter\View\View->CodeIgniter\View\{closure}()
 4 SYSTEMPATH\Common.php(1188): CodeIgniter\View\View->render('music', [], true)
 5 APPPATH\Controllers\MusicController.php(15): view('music', [...])
 6 SYSTEMPATH\CodeIgniter.php(919): App\Controllers\MusicController->index()
 7 SYSTEMPATH\CodeIgniter.php(494): CodeIgniter\CodeIgniter->runController(Object(App\Controllers\MusicController))
 8 SYSTEMPATH\CodeIgniter.php(353): CodeIgniter\CodeIgniter->handleRequest(null, Object(Config\Cache), false)
 9 FCPATH\index.php(79): CodeIgniter\CodeIgniter->run()
10 SYSTEMPATH\Commands\Server\rewrite.php(47): require_once('C:\\Users\\casti\\Desktop\\musiko\\public\\index.php')
CRITICAL - 2023-09-24 12:57:52 --> Undefined variable $play
in APPPATH\Views\music.php on line 133.
 1 APPPATH\Views\music.php(133): CodeIgniter\Debug\Exceptions->errorHandler(2, 'Undefined variable $play', 'C:\\Users\\casti\\Desktop\\musiko\\app\\Views\\music.php', 133)
 2 SYSTEMPATH\View\View.php(226): include('C:\\Users\\casti\\Desktop\\musiko\\app\\Views\\music.php')
 3 SYSTEMPATH\View\View.php(229): CodeIgniter\View\View->CodeIgniter\View\{closure}()
 4 SYSTEMPATH\Common.php(1188): CodeIgniter\View\View->render('music', [], true)
 5 APPPATH\Controllers\MusicController.php(15): view('music', [...])
 6 SYSTEMPATH\CodeIgniter.php(919): App\Controllers\MusicController->index()
 7 SYSTEMPATH\CodeIgniter.php(494): CodeIgniter\CodeIgniter->runController(Object(App\Controllers\MusicController))
 8 SYSTEMPATH\CodeIgniter.php(353): CodeIgniter\CodeIgniter->handleRequest(null, Object(Config\Cache), false)
 9 FCPATH\index.php(79): CodeIgniter\CodeIgniter->run()
10 SYSTEMPATH\Commands\Server\rewrite.php(47): require_once('C:\\Users\\casti\\Desktop\\musiko\\public\\index.php')
CRITICAL - 2023-09-24 12:58:24 --> Undefined variable $plays
in APPPATH\Views\music.php on line 133.
 1 APPPATH\Views\music.php(133): CodeIgniter\Debug\Exceptions->errorHandler(2, 'Undefined variable $plays', 'C:\\Users\\casti\\Desktop\\musiko\\app\\Views\\music.php', 133)
 2 SYSTEMPATH\View\View.php(226): include('C:\\Users\\casti\\Desktop\\musiko\\app\\Views\\music.php')
 3 SYSTEMPATH\View\View.php(229): CodeIgniter\View\View->CodeIgniter\View\{closure}()
 4 SYSTEMPATH\Common.php(1188): CodeIgniter\View\View->render('music', [], true)
 5 APPPATH\Controllers\MusicController.php(30): view('music', [...])
 6 SYSTEMPATH\CodeIgniter.php(919): App\Controllers\MusicController->searchsong()
 7 SYSTEMPATH\CodeIgniter.php(494): CodeIgniter\CodeIgniter->runController(Object(App\Controllers\MusicController))
 8 SYSTEMPATH\CodeIgniter.php(353): CodeIgniter\CodeIgniter->handleRequest(null, Object(Config\Cache), false)
 9 FCPATH\index.php(79): CodeIgniter\CodeIgniter->run()
10 SYSTEMPATH\Commands\Server\rewrite.php(47): require_once('C:\\Users\\casti\\Desktop\\musiko\\public\\index.php')
CRITICAL - 2023-09-24 13:08:19 --> Undefined variable $plays
in APPPATH\Views\music.php on line 133.
 1 APPPATH\Views\music.php(133): CodeIgniter\Debug\Exceptions->errorHandler(2, 'Undefined variable $plays', 'C:\\Users\\casti\\Desktop\\musiko\\app\\Views\\music.php', 133)
 2 SYSTEMPATH\View\View.php(226): include('C:\\Users\\casti\\Desktop\\musiko\\app\\Views\\music.php')
 3 SYSTEMPATH\View\View.php(229): CodeIgniter\View\View->CodeIgniter\View\{closure}()
 4 SYSTEMPATH\Common.php(1188): CodeIgniter\View\View->render('music', [], true)
 5 APPPATH\Controllers\MusicController.php(30): view('music', [...])
 6 SYSTEMPATH\CodeIgniter.php(919): App\Controllers\MusicController->searchsong()
 7 SYSTEMPATH\CodeIgniter.php(494): CodeIgniter\CodeIgniter->runController(Object(App\Controllers\MusicController))
 8 SYSTEMPATH\CodeIgniter.php(353): CodeIgniter\CodeIgniter->handleRequest(null, Object(Config\Cache), false)
 9 FCPATH\index.php(79): CodeIgniter\CodeIgniter->run()
10 SYSTEMPATH\Commands\Server\rewrite.php(47): require_once('C:\\Users\\casti\\Desktop\\musiko\\public\\index.php')
CRITICAL - 2023-09-24 13:08:30 --> Undefined variable $play
in APPPATH\Views\music.php on line 133.
 1 APPPATH\Views\music.php(133): CodeIgniter\Debug\Exceptions->errorHandler(2, 'Undefined variable $play', 'C:\\Users\\casti\\Desktop\\musiko\\app\\Views\\music.php', 133)
 2 SYSTEMPATH\View\View.php(226): include('C:\\Users\\casti\\Desktop\\musiko\\app\\Views\\music.php')
 3 SYSTEMPATH\View\View.php(229): CodeIgniter\View\View->CodeIgniter\View\{closure}()
 4 SYSTEMPATH\Common.php(1188): CodeIgniter\View\View->render('music', [], true)
 5 APPPATH\Controllers\MusicController.php(30): view('music', [...])
 6 SYSTEMPATH\CodeIgniter.php(919): App\Controllers\MusicController->searchsong()
 7 SYSTEMPATH\CodeIgniter.php(494): CodeIgniter\CodeIgniter->runController(Object(App\Controllers\MusicController))
 8 SYSTEMPATH\CodeIgniter.php(353): CodeIgniter\CodeIgniter->handleRequest(null, Object(Config\Cache), false)
 9 FCPATH\index.php(79): CodeIgniter\CodeIgniter->run()
10 SYSTEMPATH\Commands\Server\rewrite.php(47): require_once('C:\\Users\\casti\\Desktop\\musiko\\public\\index.php')
CRITICAL - 2023-09-24 13:08:54 --> Undefined variable $plays
in APPPATH\Views\music.php on line 133.
 1 APPPATH\Views\music.php(133): CodeIgniter\Debug\Exceptions->errorHandler(2, 'Undefined variable $plays', 'C:\\Users\\casti\\Desktop\\musiko\\app\\Views\\music.php', 133)
 2 SYSTEMPATH\View\View.php(226): include('C:\\Users\\casti\\Desktop\\musiko\\app\\Views\\music.php')
 3 SYSTEMPATH\View\View.php(229): CodeIgniter\View\View->CodeIgniter\View\{closure}()
 4 SYSTEMPATH\Common.php(1188): CodeIgniter\View\View->render('music', [], true)
 5 APPPATH\Controllers\MusicController.php(30): view('music', [...])
 6 SYSTEMPATH\CodeIgniter.php(919): App\Controllers\MusicController->searchsong()
 7 SYSTEMPATH\CodeIgniter.php(494): CodeIgniter\CodeIgniter->runController(Object(App\Controllers\MusicController))
 8 SYSTEMPATH\CodeIgniter.php(353): CodeIgniter\CodeIgniter->handleRequest(null, Object(Config\Cache), false)
 9 FCPATH\index.php(79): CodeIgniter\CodeIgniter->run()
10 SYSTEMPATH\Commands\Server\rewrite.php(47): require_once('C:\\Users\\casti\\Desktop\\musiko\\public\\index.php')
CRITICAL - 2023-09-24 13:09:08 --> Undefined variable $mus
in APPPATH\Views\music.php on line 100.
 1 APPPATH\Views\music.php(100): CodeIgniter\Debug\Exceptions->errorHandler(2, 'Undefined variable $mus', 'C:\\Users\\casti\\Desktop\\musiko\\app\\Views\\music.php', 100)
 2 SYSTEMPATH\View\View.php(226): include('C:\\Users\\casti\\Desktop\\musiko\\app\\Views\\music.php')
 3 SYSTEMPATH\View\View.php(229): CodeIgniter\View\View->CodeIgniter\View\{closure}()
 4 SYSTEMPATH\Common.php(1188): CodeIgniter\View\View->render('music', [], true)
 5 APPPATH\Controllers\MusicController.php(30): view('music', [...])
 6 SYSTEMPATH\CodeIgniter.php(919): App\Controllers\MusicController->searchsong()
 7 SYSTEMPATH\CodeIgniter.php(494): CodeIgniter\CodeIgniter->runController(Object(App\Controllers\MusicController))
 8 SYSTEMPATH\CodeIgniter.php(353): CodeIgniter\CodeIgniter->handleRequest(null, Object(Config\Cache), false)
 9 FCPATH\index.php(79): CodeIgniter\CodeIgniter->run()
10 SYSTEMPATH\Commands\Server\rewrite.php(47): require_once('C:\\Users\\casti\\Desktop\\musiko\\public\\index.php')
CRITICAL - 2023-09-24 13:10:04 --> Undefined variable $mus
in APPPATH\Views\music.php on line 100.
 1 APPPATH\Views\music.php(100): CodeIgniter\Debug\Exceptions->errorHandler(2, 'Undefined variable $mus', 'C:\\Users\\casti\\Desktop\\musiko\\app\\Views\\music.php', 100)
 2 SYSTEMPATH\View\View.php(226): include('C:\\Users\\casti\\Desktop\\musiko\\app\\Views\\music.php')
 3 SYSTEMPATH\View\View.php(229): CodeIgniter\View\View->CodeIgniter\View\{closure}()
 4 SYSTEMPATH\Common.php(1188): CodeIgniter\View\View->render('music', [], true)
 5 APPPATH\Controllers\MusicController.php(30): view('music', [...])
 6 SYSTEMPATH\CodeIgniter.php(919): App\Controllers\MusicController->searchsong()
 7 SYSTEMPATH\CodeIgniter.php(494): CodeIgniter\CodeIgniter->runController(Object(App\Controllers\MusicController))
 8 SYSTEMPATH\CodeIgniter.php(353): CodeIgniter\CodeIgniter->handleRequest(null, Object(Config\Cache), false)
 9 FCPATH\index.php(79): CodeIgniter\CodeIgniter->run()
10 SYSTEMPATH\Commands\Server\rewrite.php(47): require_once('C:\\Users\\casti\\Desktop\\musiko\\public\\index.php')
CRITICAL - 2023-09-24 13:10:06 --> Undefined variable $mus
in APPPATH\Views\music.php on line 100.
 1 APPPATH\Views\music.php(100): CodeIgniter\Debug\Exceptions->errorHandler(2, 'Undefined variable $mus', 'C:\\Users\\casti\\Desktop\\musiko\\app\\Views\\music.php', 100)
 2 SYSTEMPATH\View\View.php(226): include('C:\\Users\\casti\\Desktop\\musiko\\app\\Views\\music.php')
 3 SYSTEMPATH\View\View.php(229): CodeIgniter\View\View->CodeIgniter\View\{closure}()
 4 SYSTEMPATH\Common.php(1188): CodeIgniter\View\View->render('music', [], true)
 5 APPPATH\Controllers\MusicController.php(30): view('music', [...])
 6 SYSTEMPATH\CodeIgniter.php(919): App\Controllers\MusicController->searchsong()
 7 SYSTEMPATH\CodeIgniter.php(494): CodeIgniter\CodeIgniter->runController(Object(App\Controllers\MusicController))
 8 SYSTEMPATH\CodeIgniter.php(353): CodeIgniter\CodeIgniter->handleRequest(null, Object(Config\Cache), false)
 9 FCPATH\index.php(79): CodeIgniter\CodeIgniter->run()
10 SYSTEMPATH\Commands\Server\rewrite.php(47): require_once('C:\\Users\\casti\\Desktop\\musiko\\public\\index.php')
CRITICAL - 2023-09-24 13:10:30 --> Undefined array key "playlist"
in APPPATH\Views\music.php on line 134.
 1 APPPATH\Views\music.php(134): CodeIgniter\Debug\Exceptions->errorHandler(2, 'Undefined array key "playlist"', 'C:\\Users\\casti\\Desktop\\musiko\\app\\Views\\music.php', 134)
 2 SYSTEMPATH\View\View.php(226): include('C:\\Users\\casti\\Desktop\\musiko\\app\\Views\\music.php')
 3 SYSTEMPATH\View\View.php(229): CodeIgniter\View\View->CodeIgniter\View\{closure}()
 4 SYSTEMPATH\Common.php(1188): CodeIgniter\View\View->render('music', [], true)
 5 APPPATH\Controllers\MusicController.php(30): view('music', [...])
 6 SYSTEMPATH\CodeIgniter.php(919): App\Controllers\MusicController->searchsong()
 7 SYSTEMPATH\CodeIgniter.php(494): CodeIgniter\CodeIgniter->runController(Object(App\Controllers\MusicController))
 8 SYSTEMPATH\CodeIgniter.php(353): CodeIgniter\CodeIgniter->handleRequest(null, Object(Config\Cache), false)
 9 FCPATH\index.php(79): CodeIgniter\CodeIgniter->run()
10 SYSTEMPATH\Commands\Server\rewrite.php(47): require_once('C:\\Users\\casti\\Desktop\\musiko\\public\\index.php')
CRITICAL - 2023-09-24 13:17:02 --> Undefined array key "playlist"
in APPPATH\Views\music.php on line 135.
 1 APPPATH\Views\music.php(135): CodeIgniter\Debug\Exceptions->errorHandler(2, 'Undefined array key "playlist"', 'C:\\Users\\casti\\Desktop\\musiko\\app\\Views\\music.php', 135)
 2 SYSTEMPATH\View\View.php(226): include('C:\\Users\\casti\\Desktop\\musiko\\app\\Views\\music.php')
 3 SYSTEMPATH\View\View.php(229): CodeIgniter\View\View->CodeIgniter\View\{closure}()
 4 SYSTEMPATH\Common.php(1188): CodeIgniter\View\View->render('music', [], true)
 5 APPPATH\Controllers\MusicController.php(21): view('music', [...])
 6 SYSTEMPATH\CodeIgniter.php(919): App\Controllers\MusicController->index()
 7 SYSTEMPATH\CodeIgniter.php(494): CodeIgniter\CodeIgniter->runController(Object(App\Controllers\MusicController))
 8 SYSTEMPATH\CodeIgniter.php(353): CodeIgniter\CodeIgniter->handleRequest(null, Object(Config\Cache), false)
 9 FCPATH\index.php(79): CodeIgniter\CodeIgniter->run()
10 SYSTEMPATH\Commands\Server\rewrite.php(47): require_once('C:\\Users\\casti\\Desktop\\musiko\\public\\index.php')
CRITICAL - 2023-09-24 13:42:51 --> Undefined array key "musicname"
in APPPATH\Views\music.php on line 138.
 1 APPPATH\Views\music.php(138): CodeIgniter\Debug\Exceptions->errorHandler(2, 'Undefined array key "musicname"', 'C:\\Users\\casti\\Desktop\\musiko\\app\\Views\\music.php', 138)
 2 SYSTEMPATH\View\View.php(226): include('C:\\Users\\casti\\Desktop\\musiko\\app\\Views\\music.php')
 3 SYSTEMPATH\View\View.php(229): CodeIgniter\View\View->CodeIgniter\View\{closure}()
 4 SYSTEMPATH\Common.php(1188): CodeIgniter\View\View->render('music', [], true)
 5 APPPATH\Controllers\MusicController.php(24): view('music', [...])
 6 SYSTEMPATH\CodeIgniter.php(919): App\Controllers\MusicController->index()
 7 SYSTEMPATH\CodeIgniter.php(494): CodeIgniter\CodeIgniter->runController(Object(App\Controllers\MusicController))
 8 SYSTEMPATH\CodeIgniter.php(353): CodeIgniter\CodeIgniter->handleRequest(null, Object(Config\Cache), false)
 9 FCPATH\index.php(79): CodeIgniter\CodeIgniter->run()
10 SYSTEMPATH\Commands\Server\rewrite.php(47): require_once('C:\\Users\\casti\\Desktop\\musiko\\public\\index.php')
CRITICAL - 2023-09-24 13:42:56 --> Undefined array key "musicname"
in APPPATH\Views\music.php on line 138.
 1 APPPATH\Views\music.php(138): CodeIgniter\Debug\Exceptions->errorHandler(2, 'Undefined array key "musicname"', 'C:\\Users\\casti\\Desktop\\musiko\\app\\Views\\music.php', 138)
 2 SYSTEMPATH\View\View.php(226): include('C:\\Users\\casti\\Desktop\\musiko\\app\\Views\\music.php')
 3 SYSTEMPATH\View\View.php(229): CodeIgniter\View\View->CodeIgniter\View\{closure}()
 4 SYSTEMPATH\Common.php(1188): CodeIgniter\View\View->render('music', [], true)
 5 APPPATH\Controllers\MusicController.php(24): view('music', [...])
 6 SYSTEMPATH\CodeIgniter.php(919): App\Controllers\MusicController->index()
 7 SYSTEMPATH\CodeIgniter.php(494): CodeIgniter\CodeIgniter->runController(Object(App\Controllers\MusicController))
 8 SYSTEMPATH\CodeIgniter.php(353): CodeIgniter\CodeIgniter->handleRequest(null, Object(Config\Cache), false)
 9 FCPATH\index.php(79): CodeIgniter\CodeIgniter->run()
10 SYSTEMPATH\Commands\Server\rewrite.php(47): require_once('C:\\Users\\casti\\Desktop\\musiko\\public\\index.php')
CRITICAL - 2023-09-24 13:42:56 --> Undefined array key "musicname"
in APPPATH\Views\music.php on line 138.
 1 APPPATH\Views\music.php(138): CodeIgniter\Debug\Exceptions->errorHandler(2, 'Undefined array key "musicname"', 'C:\\Users\\casti\\Desktop\\musiko\\app\\Views\\music.php', 138)
 2 SYSTEMPATH\View\View.php(226): include('C:\\Users\\casti\\Desktop\\musiko\\app\\Views\\music.php')
 3 SYSTEMPATH\View\View.php(229): CodeIgniter\View\View->CodeIgniter\View\{closure}()
 4 SYSTEMPATH\Common.php(1188): CodeIgniter\View\View->render('music', [], true)
 5 APPPATH\Controllers\MusicController.php(24): view('music', [...])
 6 SYSTEMPATH\CodeIgniter.php(919): App\Controllers\MusicController->index()
 7 SYSTEMPATH\CodeIgniter.php(494): CodeIgniter\CodeIgniter->runController(Object(App\Controllers\MusicController))
 8 SYSTEMPATH\CodeIgniter.php(353): CodeIgniter\CodeIgniter->handleRequest(null, Object(Config\Cache), false)
 9 FCPATH\index.php(79): CodeIgniter\CodeIgniter->run()
10 SYSTEMPATH\Commands\Server\rewrite.php(47): require_once('C:\\Users\\casti\\Desktop\\musiko\\public\\index.php')
CRITICAL - 2023-09-24 13:42:57 --> Undefined array key "musicname"
in APPPATH\Views\music.php on line 138.
 1 APPPATH\Views\music.php(138): CodeIgniter\Debug\Exceptions->errorHandler(2, 'Undefined array key "musicname"', 'C:\\Users\\casti\\Desktop\\musiko\\app\\Views\\music.php', 138)
 2 SYSTEMPATH\View\View.php(226): include('C:\\Users\\casti\\Desktop\\musiko\\app\\Views\\music.php')
 3 SYSTEMPATH\View\View.php(229): CodeIgniter\View\View->CodeIgniter\View\{closure}()
 4 SYSTEMPATH\Common.php(1188): CodeIgniter\View\View->render('music', [], true)
 5 APPPATH\Controllers\MusicController.php(24): view('music', [...])
 6 SYSTEMPATH\CodeIgniter.php(919): App\Controllers\MusicController->index()
 7 SYSTEMPATH\CodeIgniter.php(494): CodeIgniter\CodeIgniter->runController(Object(App\Controllers\MusicController))
 8 SYSTEMPATH\CodeIgniter.php(353): CodeIgniter\CodeIgniter->handleRequest(null, Object(Config\Cache), false)
 9 FCPATH\index.php(79): CodeIgniter\CodeIgniter->run()
10 SYSTEMPATH\Commands\Server\rewrite.php(47): require_once('C:\\Users\\casti\\Desktop\\musiko\\public\\index.php')
CRITICAL - 2023-09-24 13:42:57 --> Undefined array key "musicname"
in APPPATH\Views\music.php on line 138.
 1 APPPATH\Views\music.php(138): CodeIgniter\Debug\Exceptions->errorHandler(2, 'Undefined array key "musicname"', 'C:\\Users\\casti\\Desktop\\musiko\\app\\Views\\music.php', 138)
 2 SYSTEMPATH\View\View.php(226): include('C:\\Users\\casti\\Desktop\\musiko\\app\\Views\\music.php')
 3 SYSTEMPATH\View\View.php(229): CodeIgniter\View\View->CodeIgniter\View\{closure}()
 4 SYSTEMPATH\Common.php(1188): CodeIgniter\View\View->render('music', [], true)
 5 APPPATH\Controllers\MusicController.php(24): view('music', [...])
 6 SYSTEMPATH\CodeIgniter.php(919): App\Controllers\MusicController->index()
 7 SYSTEMPATH\CodeIgniter.php(494): CodeIgniter\CodeIgniter->runController(Object(App\Controllers\MusicController))
 8 SYSTEMPATH\CodeIgniter.php(353): CodeIgniter\CodeIgniter->handleRequest(null, Object(Config\Cache), false)
 9 FCPATH\index.php(79): CodeIgniter\CodeIgniter->run()
10 SYSTEMPATH\Commands\Server\rewrite.php(47): require_once('C:\\Users\\casti\\Desktop\\musiko\\public\\index.php')
CRITICAL - 2023-09-24 13:42:57 --> Undefined array key "musicname"
in APPPATH\Views\music.php on line 138.
 1 APPPATH\Views\music.php(138): CodeIgniter\Debug\Exceptions->errorHandler(2, 'Undefined array key "musicname"', 'C:\\Users\\casti\\Desktop\\musiko\\app\\Views\\music.php', 138)
 2 SYSTEMPATH\View\View.php(226): include('C:\\Users\\casti\\Desktop\\musiko\\app\\Views\\music.php')
 3 SYSTEMPATH\View\View.php(229): CodeIgniter\View\View->CodeIgniter\View\{closure}()
 4 SYSTEMPATH\Common.php(1188): CodeIgniter\View\View->render('music', [], true)
 5 APPPATH\Controllers\MusicController.php(24): view('music', [...])
 6 SYSTEMPATH\CodeIgniter.php(919): App\Controllers\MusicController->index()
 7 SYSTEMPATH\CodeIgniter.php(494): CodeIgniter\CodeIgniter->runController(Object(App\Controllers\MusicController))
 8 SYSTEMPATH\CodeIgniter.php(353): CodeIgniter\CodeIgniter->handleRequest(null, Object(Config\Cache), false)
 9 FCPATH\index.php(79): CodeIgniter\CodeIgniter->run()
10 SYSTEMPATH\Commands\Server\rewrite.php(47): require_once('C:\\Users\\casti\\Desktop\\musiko\\public\\index.php')
ERROR - 2023-09-24 15:00:36 --> mysqli_sql_exception: Column 'musicname' cannot be null in C:\Users\casti\Desktop\musiko\system\Database\MySQLi\Connection.php:306
Stack trace:
#0 C:\Users\casti\Desktop\musiko\system\Database\MySQLi\Connection.php(306): mysqli->query('INSERT INTO `mu...', 0)
#1 C:\Users\casti\Desktop\musiko\system\Database\BaseConnection.php(692): CodeIgniter\Database\MySQLi\Connection->execute('INSERT INTO `mu...')
#2 C:\Users\casti\Desktop\musiko\system\Database\BaseConnection.php(606): CodeIgniter\Database\BaseConnection->simpleQuery('INSERT INTO `mu...')
#3 C:\Users\casti\Desktop\musiko\system\Database\BaseBuilder.php(2308): CodeIgniter\Database\BaseConnection->query('INSERT INTO `mu...', Array, false)
#4 C:\Users\casti\Desktop\musiko\system\Model.php(319): CodeIgniter\Database\BaseBuilder->insert()
#5 C:\Users\casti\Desktop\musiko\system\BaseModel.php(788): CodeIgniter\Model->doInsert(Array)
#6 C:\Users\casti\Desktop\musiko\system\Model.php(715): CodeIgniter\BaseModel->insert(Array, false)
#7 C:\Users\casti\Desktop\musiko\system\BaseModel.php(698): CodeIgniter\Model->insert(Array, false)
#8 C:\Users\casti\Desktop\musiko\app\Controllers\MusicController.php(19): CodeIgniter\BaseModel->save(Array)
#9 C:\Users\casti\Desktop\musiko\system\CodeIgniter.php(919): App\Controllers\MusicController->addsong()
#10 C:\Users\casti\Desktop\musiko\system\CodeIgniter.php(494): CodeIgniter\CodeIgniter->runController(Object(App\Controllers\MusicController))
#11 C:\Users\casti\Desktop\musiko\system\CodeIgniter.php(353): CodeIgniter\CodeIgniter->handleRequest(NULL, Object(Config\Cache), false)
#12 C:\Users\casti\Desktop\musiko\public\index.php(79): CodeIgniter\CodeIgniter->run()
#13 C:\Users\casti\Desktop\musiko\system\Commands\Server\rewrite.php(47): require_once('C:\\Users\\casti\\...')
#14 {main}
CRITICAL - 2023-09-24 15:00:36 --> Column 'musicname' cannot be null
in SYSTEMPATH\Database\BaseConnection.php on line 646.
 1 SYSTEMPATH\Database\BaseBuilder.php(2308): CodeIgniter\Database\BaseConnection->query('INSERT INTO `musiccs` (`musicname`) VALUES (:musicname:)', [...], false)
 2 SYSTEMPATH\Model.php(319): CodeIgniter\Database\BaseBuilder->insert()
 3 SYSTEMPATH\BaseModel.php(788): CodeIgniter\Model->doInsert([...])
 4 SYSTEMPATH\Model.php(715): CodeIgniter\BaseModel->insert([...], false)
 5 SYSTEMPATH\BaseModel.php(698): CodeIgniter\Model->insert([...], false)
 6 APPPATH\Controllers\MusicController.php(19): CodeIgniter\BaseModel->save([...])
 7 SYSTEMPATH\CodeIgniter.php(919): App\Controllers\MusicController->addsong()
 8 SYSTEMPATH\CodeIgniter.php(494): CodeIgniter\CodeIgniter->runController(Object(App\Controllers\MusicController))
 9 SYSTEMPATH\CodeIgniter.php(353): CodeIgniter\CodeIgniter->handleRequest(null, Object(Config\Cache), false)
10 FCPATH\index.php(79): CodeIgniter\CodeIgniter->run()
11 SYSTEMPATH\Commands\Server\rewrite.php(47): require_once('C:\\Users\\casti\\Desktop\\musiko\\public\\index.php')
ERROR - 2023-09-24 15:02:37 --> mysqli_sql_exception: Column 'musicname' cannot be null in C:\Users\casti\Desktop\musiko\system\Database\MySQLi\Connection.php:306
Stack trace:
#0 C:\Users\casti\Desktop\musiko\system\Database\MySQLi\Connection.php(306): mysqli->query('INSERT INTO `mu...', 0)
#1 C:\Users\casti\Desktop\musiko\system\Database\BaseConnection.php(692): CodeIgniter\Database\MySQLi\Connection->execute('INSERT INTO `mu...')
#2 C:\Users\casti\Desktop\musiko\system\Database\BaseConnection.php(606): CodeIgniter\Database\BaseConnection->simpleQuery('INSERT INTO `mu...')
#3 C:\Users\casti\Desktop\musiko\system\Database\BaseBuilder.php(2308): CodeIgniter\Database\BaseConnection->query('INSERT INTO `mu...', Array, false)
#4 C:\Users\casti\Desktop\musiko\system\Model.php(319): CodeIgniter\Database\BaseBuilder->insert()
#5 C:\Users\casti\Desktop\musiko\system\BaseModel.php(788): CodeIgniter\Model->doInsert(Array)
#6 C:\Users\casti\Desktop\musiko\system\Model.php(715): CodeIgniter\BaseModel->insert(Array, false)
#7 C:\Users\casti\Desktop\musiko\system\BaseModel.php(698): CodeIgniter\Model->insert(Array, false)
#8 C:\Users\casti\Desktop\musiko\app\Controllers\MusicController.php(19): CodeIgniter\BaseModel->save(Array)
#9 C:\Users\casti\Desktop\musiko\system\CodeIgniter.php(919): App\Controllers\MusicController->addsong()
#10 C:\Users\casti\Desktop\musiko\system\CodeIgniter.php(494): CodeIgniter\CodeIgniter->runController(Object(App\Controllers\MusicController))
#11 C:\Users\casti\Desktop\musiko\system\CodeIgniter.php(353): CodeIgniter\CodeIgniter->handleRequest(NULL, Object(Config\Cache), false)
#12 C:\Users\casti\Desktop\musiko\public\index.php(79): CodeIgniter\CodeIgniter->run()
#13 C:\Users\casti\Desktop\musiko\system\Commands\Server\rewrite.php(47): require_once('C:\\Users\\casti\\...')
#14 {main}
CRITICAL - 2023-09-24 15:02:37 --> Column 'musicname' cannot be null
in SYSTEMPATH\Database\BaseConnection.php on line 646.
 1 SYSTEMPATH\Database\BaseBuilder.php(2308): CodeIgniter\Database\BaseConnection->query('INSERT INTO `musiccs` (`musicname`) VALUES (:musicname:)', [...], false)
 2 SYSTEMPATH\Model.php(319): CodeIgniter\Database\BaseBuilder->insert()
 3 SYSTEMPATH\BaseModel.php(788): CodeIgniter\Model->doInsert([...])
 4 SYSTEMPATH\Model.php(715): CodeIgniter\BaseModel->insert([...], false)
 5 SYSTEMPATH\BaseModel.php(698): CodeIgniter\Model->insert([...], false)
 6 APPPATH\Controllers\MusicController.php(19): CodeIgniter\BaseModel->save([...])
 7 SYSTEMPATH\CodeIgniter.php(919): App\Controllers\MusicController->addsong()
 8 SYSTEMPATH\CodeIgniter.php(494): CodeIgniter\CodeIgniter->runController(Object(App\Controllers\MusicController))
 9 SYSTEMPATH\CodeIgniter.php(353): CodeIgniter\CodeIgniter->handleRequest(null, Object(Config\Cache), false)
10 FCPATH\index.php(79): CodeIgniter\CodeIgniter->run()
11 SYSTEMPATH\Commands\Server\rewrite.php(47): require_once('C:\\Users\\casti\\Desktop\\musiko\\public\\index.php')
ERROR - 2023-09-24 15:02:43 --> mysqli_sql_exception: Column 'musicname' cannot be null in C:\Users\casti\Desktop\musiko\system\Database\MySQLi\Connection.php:306
Stack trace:
#0 C:\Users\casti\Desktop\musiko\system\Database\MySQLi\Connection.php(306): mysqli->query('INSERT INTO `mu...', 0)
#1 C:\Users\casti\Desktop\musiko\system\Database\BaseConnection.php(692): CodeIgniter\Database\MySQLi\Connection->execute('INSERT INTO `mu...')
#2 C:\Users\casti\Desktop\musiko\system\Database\BaseConnection.php(606): CodeIgniter\Database\BaseConnection->simpleQuery('INSERT INTO `mu...')
#3 C:\Users\casti\Desktop\musiko\system\Database\BaseBuilder.php(2308): CodeIgniter\Database\BaseConnection->query('INSERT INTO `mu...', Array, false)
#4 C:\Users\casti\Desktop\musiko\system\Model.php(319): CodeIgniter\Database\BaseBuilder->insert()
#5 C:\Users\casti\Desktop\musiko\system\BaseModel.php(788): CodeIgniter\Model->doInsert(Array)
#6 C:\Users\casti\Desktop\musiko\system\Model.php(715): CodeIgniter\BaseModel->insert(Array, false)
#7 C:\Users\casti\Desktop\musiko\system\BaseModel.php(698): CodeIgniter\Model->insert(Array, false)
#8 C:\Users\casti\Desktop\musiko\app\Controllers\MusicController.php(19): CodeIgniter\BaseModel->save(Array)
#9 C:\Users\casti\Desktop\musiko\system\CodeIgniter.php(919): App\Controllers\MusicController->addsong()
#10 C:\Users\casti\Desktop\musiko\system\CodeIgniter.php(494): CodeIgniter\CodeIgniter->runController(Object(App\Controllers\MusicController))
#11 C:\Users\casti\Desktop\musiko\system\CodeIgniter.php(353): CodeIgniter\CodeIgniter->handleRequest(NULL, Object(Config\Cache), false)
#12 C:\Users\casti\Desktop\musiko\public\index.php(79): CodeIgniter\CodeIgniter->run()
#13 C:\Users\casti\Desktop\musiko\system\Commands\Server\rewrite.php(47): require_once('C:\\Users\\casti\\...')
#14 {main}
CRITICAL - 2023-09-24 15:02:43 --> Column 'musicname' cannot be null
in SYSTEMPATH\Database\BaseConnection.php on line 646.
 1 SYSTEMPATH\Database\BaseBuilder.php(2308): CodeIgniter\Database\BaseConnection->query('INSERT INTO `musiccs` (`musicname`) VALUES (:musicname:)', [...], false)
 2 SYSTEMPATH\Model.php(319): CodeIgniter\Database\BaseBuilder->insert()
 3 SYSTEMPATH\BaseModel.php(788): CodeIgniter\Model->doInsert([...])
 4 SYSTEMPATH\Model.php(715): CodeIgniter\BaseModel->insert([...], false)
 5 SYSTEMPATH\BaseModel.php(698): CodeIgniter\Model->insert([...], false)
 6 APPPATH\Controllers\MusicController.php(19): CodeIgniter\BaseModel->save([...])
 7 SYSTEMPATH\CodeIgniter.php(919): App\Controllers\MusicController->addsong()
 8 SYSTEMPATH\CodeIgniter.php(494): CodeIgniter\CodeIgniter->runController(Object(App\Controllers\MusicController))
 9 SYSTEMPATH\CodeIgniter.php(353): CodeIgniter\CodeIgniter->handleRequest(null, Object(Config\Cache), false)
10 FCPATH\index.php(79): CodeIgniter\CodeIgniter->run()
11 SYSTEMPATH\Commands\Server\rewrite.php(47): require_once('C:\\Users\\casti\\Desktop\\musiko\\public\\index.php')
ERROR - 2023-09-24 15:02:50 --> mysqli_sql_exception: Column 'musicname' cannot be null in C:\Users\casti\Desktop\musiko\system\Database\MySQLi\Connection.php:306
Stack trace:
#0 C:\Users\casti\Desktop\musiko\system\Database\MySQLi\Connection.php(306): mysqli->query('INSERT INTO `mu...', 0)
#1 C:\Users\casti\Desktop\musiko\system\Database\BaseConnection.php(692): CodeIgniter\Database\MySQLi\Connection->execute('INSERT INTO `mu...')
#2 C:\Users\casti\Desktop\musiko\system\Database\BaseConnection.php(606): CodeIgniter\Database\BaseConnection->simpleQuery('INSERT INTO `mu...')
#3 C:\Users\casti\Desktop\musiko\system\Database\BaseBuilder.php(2308): CodeIgniter\Database\BaseConnection->query('INSERT INTO `mu...', Array, false)
#4 C:\Users\casti\Desktop\musiko\system\Model.php(319): CodeIgniter\Database\BaseBuilder->insert()
#5 C:\Users\casti\Desktop\musiko\system\BaseModel.php(788): CodeIgniter\Model->doInsert(Array)
#6 C:\Users\casti\Desktop\musiko\system\Model.php(715): CodeIgniter\BaseModel->insert(Array, false)
#7 C:\Users\casti\Desktop\musiko\system\BaseModel.php(698): CodeIgniter\Model->insert(Array, false)
#8 C:\Users\casti\Desktop\musiko\app\Controllers\MusicController.php(19): CodeIgniter\BaseModel->save(Array)
#9 C:\Users\casti\Desktop\musiko\system\CodeIgniter.php(919): App\Controllers\MusicController->addsong()
#10 C:\Users\casti\Desktop\musiko\system\CodeIgniter.php(494): CodeIgniter\CodeIgniter->runController(Object(App\Controllers\MusicController))
#11 C:\Users\casti\Desktop\musiko\system\CodeIgniter.php(353): CodeIgniter\CodeIgniter->handleRequest(NULL, Object(Config\Cache), false)
#12 C:\Users\casti\Desktop\musiko\public\index.php(79): CodeIgniter\CodeIgniter->run()
#13 C:\Users\casti\Desktop\musiko\system\Commands\Server\rewrite.php(47): require_once('C:\\Users\\casti\\...')
#14 {main}
CRITICAL - 2023-09-24 15:02:50 --> Column 'musicname' cannot be null
in SYSTEMPATH\Database\BaseConnection.php on line 646.
 1 SYSTEMPATH\Database\BaseBuilder.php(2308): CodeIgniter\Database\BaseConnection->query('INSERT INTO `musiccs` (`musicname`) VALUES (:musicname:)', [...], false)
 2 SYSTEMPATH\Model.php(319): CodeIgniter\Database\BaseBuilder->insert()
 3 SYSTEMPATH\BaseModel.php(788): CodeIgniter\Model->doInsert([...])
 4 SYSTEMPATH\Model.php(715): CodeIgniter\BaseModel->insert([...], false)
 5 SYSTEMPATH\BaseModel.php(698): CodeIgniter\Model->insert([...], false)
 6 APPPATH\Controllers\MusicController.php(19): CodeIgniter\BaseModel->save([...])
 7 SYSTEMPATH\CodeIgniter.php(919): App\Controllers\MusicController->addsong()
 8 SYSTEMPATH\CodeIgniter.php(494): CodeIgniter\CodeIgniter->runController(Object(App\Controllers\MusicController))
 9 SYSTEMPATH\CodeIgniter.php(353): CodeIgniter\CodeIgniter->handleRequest(null, Object(Config\Cache), false)
10 FCPATH\index.php(79): CodeIgniter\CodeIgniter->run()
11 SYSTEMPATH\Commands\Server\rewrite.php(47): require_once('C:\\Users\\casti\\Desktop\\musiko\\public\\index.php')
CRITICAL - 2023-09-24 15:02:57 --> There is no data to insert.
in SYSTEMPATH\BaseModel.php on line 768.
 1 SYSTEMPATH\BaseModel.php(768): CodeIgniter\Database\Exceptions\DataException::forEmptyDataset('insert')
 2 SYSTEMPATH\Model.php(715): CodeIgniter\BaseModel->insert([], false)
 3 SYSTEMPATH\BaseModel.php(698): CodeIgniter\Model->insert([...], false)
 4 APPPATH\Controllers\MusicController.php(24): CodeIgniter\BaseModel->save([...])
 5 SYSTEMPATH\CodeIgniter.php(919): App\Controllers\MusicController->createplaylist()
 6 SYSTEMPATH\CodeIgniter.php(494): CodeIgniter\CodeIgniter->runController(Object(App\Controllers\MusicController))
 7 SYSTEMPATH\CodeIgniter.php(353): CodeIgniter\CodeIgniter->handleRequest(null, Object(Config\Cache), false)
 8 FCPATH\index.php(79): CodeIgniter\CodeIgniter->run()
 9 SYSTEMPATH\Commands\Server\rewrite.php(47): require_once('C:\\Users\\casti\\Desktop\\musiko\\public\\index.php')
CRITICAL - 2023-09-24 15:03:20 --> There is no data to insert.
in SYSTEMPATH\BaseModel.php on line 768.
 1 SYSTEMPATH\BaseModel.php(768): CodeIgniter\Database\Exceptions\DataException::forEmptyDataset('insert')
 2 SYSTEMPATH\Model.php(715): CodeIgniter\BaseModel->insert([], false)
 3 SYSTEMPATH\BaseModel.php(698): CodeIgniter\Model->insert([...], false)
 4 APPPATH\Controllers\MusicController.php(24): CodeIgniter\BaseModel->save([...])
 5 SYSTEMPATH\CodeIgniter.php(919): App\Controllers\MusicController->createplaylist()
 6 SYSTEMPATH\CodeIgniter.php(494): CodeIgniter\CodeIgniter->runController(Object(App\Controllers\MusicController))
 7 SYSTEMPATH\CodeIgniter.php(353): CodeIgniter\CodeIgniter->handleRequest(null, Object(Config\Cache), false)
 8 FCPATH\index.php(79): CodeIgniter\CodeIgniter->run()
 9 SYSTEMPATH\Commands\Server\rewrite.php(47): require_once('C:\\Users\\casti\\Desktop\\musiko\\public\\index.php')
CRITICAL - 2023-09-24 15:03:26 --> There is no data to insert.
in SYSTEMPATH\BaseModel.php on line 768.
 1 SYSTEMPATH\BaseModel.php(768): CodeIgniter\Database\Exceptions\DataException::forEmptyDataset('insert')
 2 SYSTEMPATH\Model.php(715): CodeIgniter\BaseModel->insert([], false)
 3 SYSTEMPATH\BaseModel.php(698): CodeIgniter\Model->insert([...], false)
 4 APPPATH\Controllers\MusicController.php(24): CodeIgniter\BaseModel->save([...])
 5 SYSTEMPATH\CodeIgniter.php(919): App\Controllers\MusicController->createplaylist()
 6 SYSTEMPATH\CodeIgniter.php(494): CodeIgniter\CodeIgniter->runController(Object(App\Controllers\MusicController))
 7 SYSTEMPATH\CodeIgniter.php(353): CodeIgniter\CodeIgniter->handleRequest(null, Object(Config\Cache), false)
 8 FCPATH\index.php(79): CodeIgniter\CodeIgniter->run()
 9 SYSTEMPATH\Commands\Server\rewrite.php(47): require_once('C:\\Users\\casti\\Desktop\\musiko\\public\\index.php')
CRITICAL - 2023-09-24 15:04:35 --> There is no data to insert.
in SYSTEMPATH\BaseModel.php on line 768.
 1 SYSTEMPATH\BaseModel.php(768): CodeIgniter\Database\Exceptions\DataException::forEmptyDataset('insert')
 2 SYSTEMPATH\Model.php(715): CodeIgniter\BaseModel->insert([], false)
 3 SYSTEMPATH\BaseModel.php(698): CodeIgniter\Model->insert([...], false)
 4 APPPATH\Controllers\MusicController.php(24): CodeIgniter\BaseModel->save([...])
 5 SYSTEMPATH\CodeIgniter.php(919): App\Controllers\MusicController->createplaylist()
 6 SYSTEMPATH\CodeIgniter.php(494): CodeIgniter\CodeIgniter->runController(Object(App\Controllers\MusicController))
 7 SYSTEMPATH\CodeIgniter.php(353): CodeIgniter\CodeIgniter->handleRequest(null, Object(Config\Cache), false)
 8 FCPATH\index.php(79): CodeIgniter\CodeIgniter->run()
 9 SYSTEMPATH\Commands\Server\rewrite.php(47): require_once('C:\\Users\\casti\\Desktop\\musiko\\public\\index.php')
CRITICAL - 2023-09-24 15:05:21 --> There is no data to insert.
in SYSTEMPATH\BaseModel.php on line 768.
 1 SYSTEMPATH\BaseModel.php(768): CodeIgniter\Database\Exceptions\DataException::forEmptyDataset('insert')
 2 SYSTEMPATH\Model.php(715): CodeIgniter\BaseModel->insert([], false)
 3 SYSTEMPATH\BaseModel.php(698): CodeIgniter\Model->insert([...], false)
 4 APPPATH\Controllers\MusicController.php(24): CodeIgniter\BaseModel->save([...])
 5 SYSTEMPATH\CodeIgniter.php(919): App\Controllers\MusicController->createplaylist()
 6 SYSTEMPATH\CodeIgniter.php(494): CodeIgniter\CodeIgniter->runController(Object(App\Controllers\MusicController))
 7 SYSTEMPATH\CodeIgniter.php(353): CodeIgniter\CodeIgniter->handleRequest(null, Object(Config\Cache), false)
 8 FCPATH\index.php(79): CodeIgniter\CodeIgniter->run()
 9 SYSTEMPATH\Commands\Server\rewrite.php(47): require_once('C:\\Users\\casti\\Desktop\\musiko\\public\\index.php')
ERROR - 2023-09-24 15:06:19 --> mysqli_sql_exception: Column 'playlist' cannot be null in C:\Users\casti\Desktop\musiko\system\Database\MySQLi\Connection.php:306
Stack trace:
#0 C:\Users\casti\Desktop\musiko\system\Database\MySQLi\Connection.php(306): mysqli->query('INSERT INTO `tb...', 0)
#1 C:\Users\casti\Desktop\musiko\system\Database\BaseConnection.php(692): CodeIgniter\Database\MySQLi\Connection->execute('INSERT INTO `tb...')
#2 C:\Users\casti\Desktop\musiko\system\Database\BaseConnection.php(606): CodeIgniter\Database\BaseConnection->simpleQuery('INSERT INTO `tb...')
#3 C:\Users\casti\Desktop\musiko\system\Database\BaseBuilder.php(2308): CodeIgniter\Database\BaseConnection->query('INSERT INTO `tb...', Array, false)
#4 C:\Users\casti\Desktop\musiko\system\Model.php(319): CodeIgniter\Database\BaseBuilder->insert()
#5 C:\Users\casti\Desktop\musiko\system\BaseModel.php(788): CodeIgniter\Model->doInsert(Array)
#6 C:\Users\casti\Desktop\musiko\system\Model.php(715): CodeIgniter\BaseModel->insert(Array, false)
#7 C:\Users\casti\Desktop\musiko\system\BaseModel.php(698): CodeIgniter\Model->insert(Array, false)
#8 C:\Users\casti\Desktop\musiko\app\Controllers\MusicController.php(24): CodeIgniter\BaseModel->save(Array)
#9 C:\Users\casti\Desktop\musiko\system\CodeIgniter.php(919): App\Controllers\MusicController->createplaylist()
#10 C:\Users\casti\Desktop\musiko\system\CodeIgniter.php(494): CodeIgniter\CodeIgniter->runController(Object(App\Controllers\MusicController))
#11 C:\Users\casti\Desktop\musiko\system\CodeIgniter.php(353): CodeIgniter\CodeIgniter->handleRequest(NULL, Object(Config\Cache), false)
#12 C:\Users\casti\Desktop\musiko\public\index.php(79): CodeIgniter\CodeIgniter->run()
#13 C:\Users\casti\Desktop\musiko\system\Commands\Server\rewrite.php(47): require_once('C:\\Users\\casti\\...')
#14 {main}
CRITICAL - 2023-09-24 15:06:19 --> Column 'playlist' cannot be null
in SYSTEMPATH\Database\BaseConnection.php on line 646.
 1 SYSTEMPATH\Database\BaseBuilder.php(2308): CodeIgniter\Database\BaseConnection->query('INSERT INTO `tblmus` (`playlist`) VALUES (:playlist:)', [...], false)
 2 SYSTEMPATH\Model.php(319): CodeIgniter\Database\BaseBuilder->insert()
 3 SYSTEMPATH\BaseModel.php(788): CodeIgniter\Model->doInsert([...])
 4 SYSTEMPATH\Model.php(715): CodeIgniter\BaseModel->insert([...], false)
 5 SYSTEMPATH\BaseModel.php(698): CodeIgniter\Model->insert([...], false)
 6 APPPATH\Controllers\MusicController.php(24): CodeIgniter\BaseModel->save([...])
 7 SYSTEMPATH\CodeIgniter.php(919): App\Controllers\MusicController->createplaylist()
 8 SYSTEMPATH\CodeIgniter.php(494): CodeIgniter\CodeIgniter->runController(Object(App\Controllers\MusicController))
 9 SYSTEMPATH\CodeIgniter.php(353): CodeIgniter\CodeIgniter->handleRequest(null, Object(Config\Cache), false)
10 FCPATH\index.php(79): CodeIgniter\CodeIgniter->run()
11 SYSTEMPATH\Commands\Server\rewrite.php(47): require_once('C:\\Users\\casti\\Desktop\\musiko\\public\\index.php')
